<?xml version="1.0" encoding="UTF-8"?>
<!-- Generated by org.testng.reporters.JUnitXMLReporter -->
<testsuite hostname="Gauravs-MacBook-Pro.local" name="Hub Spot Functional Regression Test" tests="3" failures="0" timestamp="13 Apr 2020 09:43:35 GMT" time="19.131" errors="0">
  <testcase name="verifyHomePgageTitleTest" time="0.264" classname="com.qa.Hubspot.tests.HomePageTest"/>
  <testcase name="verifyHomePageHeaderTest" time="0.757" classname="com.qa.Hubspot.tests.HomePageTest"/>
  <testcase name="getUserNameTest" time="0.131" classname="com.qa.Hubspot.tests.HomePageTest"/>
</testsuite> <!-- Hub Spot Functional Regression Test -->
