<?xml version="1.0" encoding="UTF-8"?>
<!-- Generated by org.testng.reporters.JUnitXMLReporter -->
<testsuite hostname="Gauravs-MacBook-Pro.local" ignored="1" name="Command line test" tests="6" failures="1" timestamp="11 Apr 2020 11:23:10 GMT" time="35.904" errors="0">
  <testcase name="verifyHomePgageTitleTest" time="0.017" classname="com.qa.Hubspot.tests.HomePageTest"/>
  <testcase name="verifyLoginPageTitleTest" time="8.343" classname="com.qa.Hubspot.tests.LoginPageTest">
    <failure type="java.lang.AssertionError" message="expected [Reports dashboard] but found [HubSpot Login]">
      <![CDATA[java.lang.AssertionError: expected [Reports dashboard] but found [HubSpot Login]
at com.qa.Hubspot.tests.LoginPageTest.verifyLoginPageTitleTest(LoginPageTest.java:49)
... Removed 41 stack frames]]>
    </failure>
  </testcase> <!-- verifyLoginPageTitleTest -->
  <testcase name="verifyHomePageHeaderTest" time="0.614" classname="com.qa.Hubspot.tests.HomePageTest"/>
  <testcase name="verifySignUpLinkTest" time="0.655" classname="com.qa.Hubspot.tests.LoginPageTest"/>
  <testcase name="getUserNameTest" time="0.093" classname="com.qa.Hubspot.tests.HomePageTest"/>
  <testcase name="loginTest" time="2.321" classname="com.qa.Hubspot.tests.LoginPageTest"/>
  <testcase name="login_InvalidTestCases" time="0.0" classname="com.qa.Hubspot.tests.LoginPageTest">
    <ignored/>
  </testcase> <!-- login_InvalidTestCases -->
</testsuite> <!-- Command line test -->
