<?xml version="1.0" encoding="UTF-8" ?>
<testsuite tests="6" failures="1" name="TestSuite" time="12.039" errors="0" skipped="0">
  <properties>
[...]
</properties>
  <testcase classname="com.qa.Hubspot.tests.HomePageTest" name="verifyHomePgageTitleTest" time="0.018"/>
  <testcase classname="com.qa.Hubspot.tests.LoginPageTest" name="verifyLoginPageTitleTest" time="8.34">
    <failure message="expected [Reports dashboard] but found [HubSpot Login]" type="java.lang.AssertionError">java.lang.AssertionError: expected [Reports dashboard] but found [HubSpot Login]
	at org.testng.Assert.fail(Assert.java:96)
	at org.testng.Assert.failNotEquals(Assert.java:776)
	at org.testng.Assert.assertEqualsImpl(Assert.java:137)
	at org.testng.Assert.assertEquals(Assert.java:118)
	at org.testng.Assert.assertEquals(Assert.java:453)
	at org.testng.Assert.assertEquals(Assert.java:463)
	at com.qa.Hubspot.tests.LoginPageTest.verifyLoginPageTitleTest(LoginPageTest.java:49)
</failure>
    <system-out>login page title is:HubSpot Login
</system-out>
    <system-err>[1586604185.413][SEVERE]: Timed out receiving message from renderer: 0.100
[1586604185.515][SEVERE]: Timed out receiving message from renderer: 0.100
[1586604185.623][SEVERE]: Timed out receiving message from renderer: 0.100
[1586604185.726][SEVERE]: Timed out receiving message from renderer: 0.100
[1586604185.827][SEVERE]: Timed out receiving message from renderer: 0.100
[1586604186.015][SEVERE]: Timed out receiving message from renderer: 0.100
[1586604186.127][SEVERE]: Timed out receiving message from renderer: 0.100
[1586604186.232][SEVERE]: Timed out receiving message from renderer: 0.100
[1586604186.471][SEVERE]: Timed out receiving message from renderer: 0.100
[1586604186.613][SEVERE]: Timed out receiving message from renderer: 0.100
[1586604186.715][SEVERE]: Timed out receiving message from renderer: 0.100
[1586604186.815][SEVERE]: Timed out receiving message from renderer: 0.100
</system-err>
  </testcase>
  <testcase classname="com.qa.Hubspot.tests.HomePageTest" name="verifyHomePageHeaderTest" time="0.613"/>
  <testcase classname="com.qa.Hubspot.tests.LoginPageTest" name="verifySignUpLinkTest" time="0.654"/>
  <testcase classname="com.qa.Hubspot.tests.HomePageTest" name="getUserNameTest" time="0.093"/>
  <testcase classname="com.qa.Hubspot.tests.LoginPageTest" name="loginTest" time="2.321"/>
</testsuite>