<?xml version="1.0" encoding="UTF-8"?>
<testng-results skipped="0" failed="0" total="3" passed="3">
  <reporter-output>
  </reporter-output>
  <suite name="Hub Spot Test Regression Suite" duration-ms="19131" started-at="2020-04-13T09:43:16Z" finished-at="2020-04-13T09:43:35Z">
    <groups>
    </groups>
    <test name="Hub Spot Functional Regression Test" duration-ms="19131" started-at="2020-04-13T09:43:16Z" finished-at="2020-04-13T09:43:35Z">
      <class name="com.qa.Hubspot.tests.HomePageTest">
        <test-method status="PASS" signature="setUP()[pri:0, instance:com.qa.Hubspot.tests.HomePageTest@2f08c4b]" name="setUP" is-config="true" duration-ms="17696" started-at="2020-04-13T15:13:16Z" finished-at="2020-04-13T15:13:34Z">
          <reporter-output>
          </reporter-output>
        </test-method> <!-- setUP -->
        <test-method status="PASS" signature="verifyHomePgageTitleTest()[pri:0, instance:com.qa.Hubspot.tests.HomePageTest@2f08c4b]" name="verifyHomePgageTitleTest" duration-ms="264" started-at="2020-04-13T15:13:34Z" finished-at="2020-04-13T15:13:34Z">
          <reporter-output>
          </reporter-output>
        </test-method> <!-- verifyHomePgageTitleTest -->
        <test-method status="PASS" signature="verifyHomePageHeaderTest()[pri:0, instance:com.qa.Hubspot.tests.HomePageTest@2f08c4b]" name="verifyHomePageHeaderTest" duration-ms="757" started-at="2020-04-13T15:13:34Z" finished-at="2020-04-13T15:13:35Z">
          <reporter-output>
          </reporter-output>
        </test-method> <!-- verifyHomePageHeaderTest -->
        <test-method status="PASS" signature="getUserNameTest()[pri:0, instance:com.qa.Hubspot.tests.HomePageTest@2f08c4b]" name="getUserNameTest" duration-ms="131" started-at="2020-04-13T15:13:35Z" finished-at="2020-04-13T15:13:35Z">
          <reporter-output>
          </reporter-output>
        </test-method> <!-- getUserNameTest -->
        <test-method status="PASS" signature="tearDown()[pri:0, instance:com.qa.Hubspot.tests.HomePageTest@2f08c4b]" name="tearDown" is-config="true" duration-ms="109" started-at="2020-04-13T15:13:35Z" finished-at="2020-04-13T15:13:35Z">
          <reporter-output>
          </reporter-output>
        </test-method> <!-- tearDown -->
      </class> <!-- com.qa.Hubspot.tests.HomePageTest -->
    </test> <!-- Hub Spot Functional Regression Test -->
  </suite> <!-- Hub Spot Test Regression Suite -->
</testng-results>
